2024-06-26 06:15:59,313 1 INFO ? odoo: Odoo version 16.0-20240624 
2024-06-26 06:15:59,313 1 INFO ? odoo: Using configuration file at /etc/odoo/odoo.conf 
2024-06-26 06:15:59,313 1 INFO ? odoo: addons paths: ['/usr/lib/python3/dist-packages/odoo/addons', '/var/lib/odoo/.local/share/Odoo/addons/16.0', '/mnt/extra-addons'] 
2024-06-26 06:15:59,313 1 INFO ? odoo: database: odoo@db_postgresql:5432 
2024-06-26 06:15:59,413 1 INFO ? odoo.addons.base.models.ir_actions_report: Will use the Wkhtmltopdf binary at /usr/local/bin/wkhtmltopdf 
2024-06-26 06:15:59,531 1 INFO ? odoo.service.server: HTTP service (werkzeug) running on ea860d131779:8069 
2024-06-26 06:16:00,929 1 INFO ? werkzeug: 172.20.0.1 - - [26/Jun/2024 06:16:00] "GET /websocket HTTP/1.1" 404 - 1 0.002 0.020
2024-06-26 06:16:10,851 1 INFO ? werkzeug: 172.20.0.1 - - [26/Jun/2024 06:16:10] "GET / HTTP/1.1" 303 - 1 0.002 0.014
2024-06-26 06:16:11,308 1 INFO ? werkzeug: 172.20.0.1 - - [26/Jun/2024 06:16:11] "GET /web HTTP/1.1" 303 - 2 0.003 0.013
2024-06-26 06:16:12,468 1 INFO ? werkzeug: 172.20.0.1 - - [26/Jun/2024 06:16:12] "GET /web/database/selector HTTP/1.1" 200 - 2 0.003 0.758
2024-06-26 06:16:23,850 1 INFO ? werkzeug: 172.20.0.1 - - [26/Jun/2024 06:16:23] "GET /websocket HTTP/1.1" 404 - 1 0.001 0.006
2024-06-26 06:16:58,350 1 INFO ? werkzeug: 172.20.0.1 - - [26/Jun/2024 06:16:58] "GET /websocket HTTP/1.1" 404 - 1 0.001 0.007
2024-06-26 06:17:27,429 1 INFO None odoo.service.db: Create database `db_odoo`. 
2024-06-26 06:17:28,564 1 INFO db_odoo odoo.modules.loading: loading 1 modules... 
2024-06-26 06:17:28,564 1 INFO db_odoo odoo.modules.loading: Loading module base (1/1) 
2024-06-26 06:17:28,582 1 INFO db_odoo odoo.modules.registry: module base: creating or updating database tables 
2024-06-26 06:17:29,838 1 INFO db_odoo odoo.models: Prepare computation of ir.module.module.menus_by_module 
2024-06-26 06:17:29,838 1 INFO db_odoo odoo.models: Prepare computation of ir.module.module.reports_by_module 
2024-06-26 06:17:29,838 1 INFO db_odoo odoo.models: Prepare computation of ir.module.module.views_by_module 
2024-06-26 06:17:30,338 1 INFO db_odoo odoo.models: Prepare computation of res.partner.user_id 
2024-06-26 06:17:30,339 1 INFO db_odoo odoo.models: Prepare computation of res.partner.commercial_partner_id 
2024-06-26 06:17:30,339 1 INFO db_odoo odoo.models: Prepare computation of res.partner.display_name 
2024-06-26 06:17:30,339 1 INFO db_odoo odoo.models: Prepare computation of res.partner.company_registry 
2024-06-26 06:17:30,339 1 INFO db_odoo odoo.models: Prepare computation of res.partner.commercial_company_name 
2024-06-26 06:17:30,339 1 INFO db_odoo odoo.models: Prepare computation of res.partner.partner_share 
2024-06-26 06:17:30,493 1 INFO db_odoo odoo.models: Prepare computation of res.currency.decimal_places 
2024-06-26 06:17:30,583 1 INFO db_odoo odoo.models: Prepare computation of res.company.logo_web 
2024-06-26 06:17:30,682 1 INFO db_odoo odoo.models: Prepare computation of res.users.signature 
2024-06-26 06:17:30,682 1 INFO db_odoo odoo.models: Prepare computation of res.users.share 
2024-06-26 06:17:32,891 1 INFO db_odoo odoo.modules.loading: loading base/data/res_bank.xml 
2024-06-26 06:17:32,895 1 INFO db_odoo odoo.modules.loading: loading base/data/res.lang.csv 
2024-06-26 06:17:32,931 1 INFO db_odoo odoo.modules.loading: loading base/data/res_lang_data.xml 
2024-06-26 06:17:32,964 1 INFO db_odoo odoo.modules.loading: loading base/data/res_partner_data.xml 
2024-06-26 06:17:33,047 1 INFO db_odoo odoo.modules.loading: loading base/data/res_currency_data.xml 
2024-06-26 06:17:33,398 1 INFO db_odoo odoo.modules.loading: loading base/data/res_company_data.xml 
2024-06-26 06:17:33,407 1 INFO db_odoo odoo.modules.loading: loading base/data/res_users_data.xml 
2024-06-26 06:17:34,255 1 INFO db_odoo odoo.modules.loading: loading base/data/report_paperformat_data.xml 
2024-06-26 06:17:34,261 1 INFO db_odoo odoo.modules.loading: loading base/data/res_country_data.xml 
2024-06-26 06:17:34,597 1 INFO db_odoo odoo.modules.loading: loading base/data/ir_demo_data.xml 
2024-06-26 06:17:34,604 1 INFO db_odoo odoo.modules.loading: loading base/data/ir_config_parameter_data.xml 
2024-06-26 06:17:34,609 1 INFO db_odoo odoo.modules.loading: loading base/security/base_groups.xml 
2024-06-26 06:17:34,836 1 INFO db_odoo odoo.modules.loading: loading base/security/base_security.xml 
2024-06-26 06:17:34,926 1 INFO db_odoo odoo.modules.loading: loading base/views/base_menus.xml 
2024-06-26 06:17:34,989 1 INFO db_odoo odoo.modules.loading: loading base/views/decimal_precision_views.xml 
2024-06-26 06:17:35,001 1 INFO db_odoo odoo.modules.loading: loading base/views/res_config_views.xml 
2024-06-26 06:17:35,008 1 INFO db_odoo odoo.modules.loading: loading base/data/res.country.state.csv 
2024-06-26 06:17:36,086 1 INFO db_odoo odoo.modules.loading: loading base/views/ir_actions_views.xml 
2024-06-26 06:17:36,175 1 INFO db_odoo odoo.modules.loading: loading base/views/ir_asset_views.xml 
2024-06-26 06:17:36,189 1 INFO db_odoo odoo.modules.loading: loading base/views/ir_config_parameter_views.xml 
2024-06-26 06:17:36,201 1 INFO db_odoo odoo.modules.loading: loading base/views/ir_cron_views.xml 
2024-06-26 06:17:36,223 1 INFO db_odoo odoo.modules.loading: loading base/views/ir_cron_trigger_views.xml 
2024-06-26 06:17:36,236 1 INFO db_odoo odoo.modules.loading: loading base/views/ir_filters_views.xml 
2024-06-26 06:17:36,254 1 INFO db_odoo odoo.modules.loading: loading base/views/ir_mail_server_views.xml 
2024-06-26 06:17:36,274 1 INFO db_odoo odoo.modules.loading: loading base/views/ir_model_views.xml 
2024-06-26 06:17:36,391 1 INFO db_odoo odoo.modules.loading: loading base/views/ir_attachment_views.xml 
2024-06-26 06:17:36,409 1 INFO db_odoo odoo.modules.loading: loading base/views/ir_rule_views.xml 
2024-06-26 06:17:36,429 1 INFO db_odoo odoo.modules.loading: loading base/views/ir_sequence_views.xml 
2024-06-26 06:17:36,447 1 INFO db_odoo odoo.modules.loading: loading base/views/ir_ui_menu_views.xml 
2024-06-26 06:17:36,462 1 INFO db_odoo odoo.modules.loading: loading base/views/ir_ui_view_views.xml 
2024-06-26 06:17:36,496 1 INFO db_odoo odoo.modules.loading: loading base/views/ir_default_views.xml 
2024-06-26 06:17:36,510 1 INFO db_odoo odoo.modules.loading: loading base/data/ir_cron_data.xml 
2024-06-26 06:17:36,515 1 INFO db_odoo odoo.modules.loading: loading base/report/ir_model_report.xml 
2024-06-26 06:17:36,518 1 INFO db_odoo odoo.modules.loading: loading base/report/ir_model_templates.xml 
2024-06-26 06:17:36,523 1 INFO db_odoo odoo.modules.loading: loading base/views/ir_logging_views.xml 
2024-06-26 06:17:36,538 1 INFO db_odoo odoo.modules.loading: loading base/views/ir_qweb_widget_templates.xml 
2024-06-26 06:17:36,544 1 INFO db_odoo odoo.modules.loading: loading base/views/ir_module_views.xml 
2024-06-26 06:17:36,598 1 INFO db_odoo odoo.modules.loading: loading base/data/ir_module_category_data.xml 
2024-06-26 06:17:36,648 1 INFO db_odoo odoo.modules.loading: loading base/data/ir_module_module.xml 
2024-06-26 06:17:36,696 1 INFO db_odoo odoo.modules.loading: loading base/report/ir_module_reports.xml 
2024-06-26 06:17:36,699 1 INFO db_odoo odoo.modules.loading: loading base/report/ir_module_report_templates.xml 
2024-06-26 06:17:36,703 1 INFO db_odoo odoo.modules.loading: loading base/wizard/base_module_update_views.xml 
2024-06-26 06:17:36,712 1 INFO db_odoo odoo.modules.loading: loading base/wizard/base_language_install_views.xml 
2024-06-26 06:17:36,721 1 INFO db_odoo odoo.modules.loading: loading base/wizard/base_import_language_views.xml 
2024-06-26 06:17:36,730 1 INFO db_odoo odoo.modules.loading: loading base/wizard/base_module_upgrade_views.xml 
2024-06-26 06:17:36,743 1 INFO db_odoo odoo.modules.loading: loading base/wizard/base_module_uninstall_views.xml 
2024-06-26 06:17:36,748 1 INFO db_odoo odoo.modules.loading: loading base/wizard/base_export_language_views.xml 
2024-06-26 06:17:36,757 1 INFO db_odoo odoo.modules.loading: loading base/wizard/base_partner_merge_views.xml 
2024-06-26 06:17:36,768 1 INFO db_odoo odoo.modules.loading: loading base/data/ir_actions_data.xml 
2024-06-26 06:17:36,770 1 INFO db_odoo odoo.modules.loading: loading base/data/ir_demo_failure_data.xml 
2024-06-26 06:17:36,780 1 INFO db_odoo odoo.modules.loading: loading base/views/ir_profile_views.xml 
2024-06-26 06:17:36,797 1 INFO db_odoo odoo.modules.loading: loading base/views/res_company_views.xml 
2024-06-26 06:17:36,816 1 INFO db_odoo odoo.modules.loading: loading base/views/res_lang_views.xml 
2024-06-26 06:17:36,832 1 INFO db_odoo odoo.modules.loading: loading base/views/res_partner_views.xml 
2024-06-26 06:17:36,914 1 INFO db_odoo odoo.modules.loading: loading base/views/res_bank_views.xml 
2024-06-26 06:17:36,937 1 INFO db_odoo odoo.modules.loading: loading base/views/res_country_views.xml 
2024-06-26 06:17:36,966 1 INFO db_odoo odoo.modules.loading: loading base/views/res_currency_views.xml 
2024-06-26 06:17:36,992 1 INFO db_odoo odoo.modules.loading: loading base/views/res_users_views.xml 
2024-06-26 06:17:37,084 1 INFO db_odoo odoo.modules.loading: loading base/views/ir_property_views.xml 
2024-06-26 06:17:37,106 1 INFO db_odoo odoo.modules.loading: loading base/views/res_config_settings_views.xml 
2024-06-26 06:17:37,115 1 INFO db_odoo odoo.modules.loading: loading base/views/report_paperformat_views.xml 
2024-06-26 06:17:37,136 1 INFO db_odoo odoo.modules.loading: loading base/views/onboarding_views.xml 
2024-06-26 06:17:37,154 1 INFO db_odoo odoo.modules.loading: loading base/security/ir.model.access.csv 
2024-06-26 06:17:37,248 1 INFO db_odoo odoo.modules.loading: Module base: loading demo 
2024-06-26 06:17:37,249 1 INFO db_odoo odoo.modules.loading: loading base/data/res_company_demo.xml 
2024-06-26 06:17:37,255 1 INFO db_odoo odoo.modules.loading: loading base/data/res_users_demo.xml 
2024-06-26 06:17:38,130 1 INFO db_odoo odoo.modules.loading: loading base/data/res_partner_bank_demo.xml 
2024-06-26 06:17:38,135 1 INFO db_odoo odoo.modules.loading: loading base/data/res_currency_rate_demo.xml 
2024-06-26 06:17:38,313 1 INFO db_odoo odoo.modules.loading: loading base/data/res_bank_demo.xml 
2024-06-26 06:17:38,317 1 INFO db_odoo odoo.modules.loading: loading base/data/res_partner_demo.xml 
2024-06-26 06:17:38,513 1 INFO db_odoo odoo.modules.loading: loading base/data/res_partner_image_demo.xml 
2024-06-26 06:17:38,577 1 INFO db_odoo odoo.addons.base.models.ir_module: module base: loading base translation file es for language es_PE 
2024-06-26 06:17:38,985 1 INFO db_odoo odoo.addons.base.models.ir_module: module base: loading translation file es_PE for language es_PE 
2024-06-26 06:17:39,822 1 INFO db_odoo odoo.modules.loading: Module base loaded in 11.26s, 9070 queries (+9070 other) 
2024-06-26 06:17:39,822 1 INFO db_odoo odoo.modules.loading: 1 modules loaded in 11.26s, 9070 queries (+9070 extra) 
2024-06-26 06:17:39,843 1 INFO db_odoo odoo.addons.base.models.ir_module: module base: loading base translation file es for language es_PE 
2024-06-26 06:17:40,204 1 INFO db_odoo odoo.addons.base.models.ir_module: module base: loading translation file es_PE for language es_PE 
2024-06-26 06:17:40,763 1 INFO db_odoo odoo.modules.loading: updating modules list 
2024-06-26 06:17:40,763 1 INFO db_odoo odoo.addons.base.models.ir_module: ALLOW access to module.update_list on [] to user __system__ #1 via n/a 
2024-06-26 06:17:41,265 1 INFO db_odoo odoo.modules.loading: loading 8 modules... 
2024-06-26 06:17:41,265 1 INFO db_odoo odoo.modules.loading: Loading module web (2/8) 
2024-06-26 06:17:41,284 1 INFO db_odoo odoo.modules.registry: module web: creating or updating database tables 
2024-06-26 06:17:41,653 1 INFO db_odoo odoo.modules.loading: loading web/security/ir.model.access.csv 
2024-06-26 06:17:41,661 1 INFO db_odoo odoo.modules.loading: loading web/views/webclient_templates.xml 
2024-06-26 06:17:41,698 1 INFO db_odoo odoo.modules.loading: loading web/views/report_templates.xml 
2024-06-26 06:17:41,754 1 INFO db_odoo odoo.modules.loading: loading web/views/base_document_layout_views.xml 
2024-06-26 06:17:41,763 1 INFO db_odoo odoo.modules.loading: loading web/views/speedscope_template.xml 
2024-06-26 06:17:41,766 1 INFO db_odoo odoo.modules.loading: loading web/views/lazy_assets.xml 
2024-06-26 06:17:41,771 1 INFO db_odoo odoo.modules.loading: loading web/views/neutralize_views.xml 
2024-06-26 06:17:41,775 1 INFO db_odoo odoo.modules.loading: loading web/data/ir_attachment.xml 
2024-06-26 06:17:41,779 1 INFO db_odoo odoo.modules.loading: loading web/data/report_layout.xml 
2024-06-26 06:17:41,802 1 INFO db_odoo odoo.addons.base.models.ir_module: module web: loading base translation file es for language es_PE 
2024-06-26 06:17:41,846 1 INFO db_odoo odoo.addons.base.models.ir_module: module web: loading translation file es_PE for language es_PE 
2024-06-26 06:17:41,906 1 INFO db_odoo odoo.modules.loading: Module web loaded in 0.64s, 891 queries (+891 other) 
2024-06-26 06:17:41,907 1 INFO db_odoo odoo.modules.loading: Loading module auth_totp (3/8) 
2024-06-26 06:17:41,925 1 INFO db_odoo odoo.modules.registry: module auth_totp: creating or updating database tables 
2024-06-26 06:17:42,024 1 INFO db_odoo odoo.modules.loading: loading auth_totp/security/security.xml 
2024-06-26 06:17:42,043 1 INFO db_odoo odoo.modules.loading: loading auth_totp/security/ir.model.access.csv 
2024-06-26 06:17:42,050 1 INFO db_odoo odoo.modules.loading: loading auth_totp/data/ir_action_data.xml 
2024-06-26 06:17:42,055 1 INFO db_odoo odoo.modules.loading: loading auth_totp/views/res_users_views.xml 
2024-06-26 06:17:42,074 1 INFO db_odoo odoo.modules.loading: loading auth_totp/views/templates.xml 
2024-06-26 06:17:42,078 1 INFO db_odoo odoo.modules.loading: loading auth_totp/wizard/auth_totp_wizard_views.xml 
2024-06-26 06:17:42,085 1 INFO db_odoo odoo.addons.base.models.ir_module: module auth_totp: loading base translation file es for language es_PE 
2024-06-26 06:17:42,090 1 INFO db_odoo odoo.addons.base.models.ir_module: module auth_totp: no translation for language es_PE 
2024-06-26 06:17:42,111 1 INFO db_odoo odoo.modules.loading: Module auth_totp loaded in 0.20s, 181 queries (+181 other) 
2024-06-26 06:17:42,111 1 INFO db_odoo odoo.modules.loading: Loading module base_import (4/8) 
2024-06-26 06:17:42,144 1 INFO db_odoo odoo.modules.registry: module base_import: creating or updating database tables 
2024-06-26 06:17:43,074 1 INFO db_odoo odoo.modules.loading: loading base_import/security/ir.model.access.csv 
2024-06-26 06:17:43,096 1 INFO db_odoo odoo.addons.base.models.ir_module: module base_import: loading base translation file es for language es_PE 
2024-06-26 06:17:43,107 1 INFO db_odoo odoo.addons.base.models.ir_module: module base_import: loading translation file es_PE for language es_PE 
2024-06-26 06:17:43,134 1 INFO db_odoo odoo.modules.loading: Module base_import loaded in 1.02s, 895 queries (+895 other) 
2024-06-26 06:17:43,134 1 INFO db_odoo odoo.modules.loading: Loading module bus (5/8) 
2024-06-26 06:17:43,158 1 INFO db_odoo odoo.modules.registry: module bus: creating or updating database tables 
2024-06-26 06:17:43,304 1 INFO db_odoo odoo.modules.loading: loading bus/security/ir.model.access.csv 
2024-06-26 06:17:43,317 1 INFO db_odoo odoo.addons.base.models.ir_module: module bus: loading base translation file es for language es_PE 
2024-06-26 06:17:43,321 1 INFO db_odoo odoo.addons.base.models.ir_module: module bus: loading translation file es_PE for language es_PE 
2024-06-26 06:17:43,334 1 INFO db_odoo odoo.modules.loading: Module bus loaded in 0.20s, 107 queries (+107 other) 
2024-06-26 06:17:43,335 1 INFO db_odoo odoo.modules.loading: Loading module web_kanban_gauge (6/8) 
2024-06-26 06:17:43,356 1 INFO db_odoo odoo.addons.base.models.ir_module: module web_kanban_gauge: loading base translation file es for language es_PE 
2024-06-26 06:17:43,357 1 INFO db_odoo odoo.addons.base.models.ir_module: module web_kanban_gauge: loading translation file es_PE for language es_PE 
2024-06-26 06:17:43,370 1 INFO db_odoo odoo.modules.loading: Module web_kanban_gauge loaded in 0.04s, 13 queries (+13 other) 
2024-06-26 06:17:43,370 1 INFO db_odoo odoo.modules.loading: Loading module web_tour (7/8) 
2024-06-26 06:17:43,386 1 INFO db_odoo odoo.modules.registry: module web_tour: creating or updating database tables 
2024-06-26 06:17:43,433 1 INFO db_odoo odoo.modules.loading: loading web_tour/security/ir.model.access.csv 
2024-06-26 06:17:43,442 1 INFO db_odoo odoo.modules.loading: loading web_tour/security/ir.rule.csv 
2024-06-26 06:17:43,449 1 INFO db_odoo odoo.modules.loading: loading web_tour/views/tour_views.xml 
2024-06-26 06:17:43,472 1 INFO db_odoo odoo.addons.base.models.ir_module: module web_tour: loading base translation file es for language es_PE 
2024-06-26 06:17:43,475 1 INFO db_odoo odoo.addons.base.models.ir_module: module web_tour: no translation for language es_PE 
2024-06-26 06:17:43,495 1 INFO db_odoo odoo.modules.loading: Module web_tour loaded in 0.12s, 108 queries (+108 other) 
2024-06-26 06:17:43,495 1 INFO db_odoo odoo.modules.loading: Loading module web_editor (8/8) 
2024-06-26 06:17:43,544 1 INFO db_odoo odoo.modules.registry: module web_editor: creating or updating database tables 
2024-06-26 06:17:43,991 1 INFO db_odoo odoo.modules.loading: loading web_editor/security/ir.model.access.csv 
2024-06-26 06:17:43,998 1 INFO db_odoo odoo.modules.loading: loading web_editor/data/editor_assets.xml 
2024-06-26 06:17:44,001 1 INFO db_odoo odoo.modules.loading: loading web_editor/views/editor.xml 
2024-06-26 06:17:44,018 1 INFO db_odoo odoo.modules.loading: loading web_editor/views/snippets.xml 
2024-06-26 06:17:44,044 1 INFO db_odoo odoo.addons.base.models.ir_module: module web_editor: loading base translation file es for language es_PE 
2024-06-26 06:17:44,067 1 INFO db_odoo odoo.addons.base.models.ir_module: module web_editor: loading translation file es_PE for language es_PE 
2024-06-26 06:17:44,113 1 INFO db_odoo odoo.modules.loading: Module web_editor loaded in 0.62s, 827 queries (+827 other) 
2024-06-26 06:17:44,114 1 INFO db_odoo odoo.modules.loading: 8 modules loaded in 2.85s, 3022 queries (+3022 extra) 
2024-06-26 06:17:44,305 1 INFO db_odoo odoo.modules.loading: Modules loaded. 
2024-06-26 06:17:44,315 1 INFO db_odoo odoo.modules.registry: Registry loaded in 15.764s 
2024-06-26 06:17:44,318 1 INFO db_odoo odoo.addons.base.models.ir_module: module base: loading base translation file es for language es_PE 
2024-06-26 06:17:44,708 1 INFO db_odoo odoo.addons.base.models.ir_module: module base: loading translation file es_PE for language es_PE 
2024-06-26 06:17:44,906 1 INFO db_odoo odoo.addons.base.models.ir_module: module web: loading base translation file es for language es_PE 
2024-06-26 06:17:45,008 1 INFO db_odoo odoo.addons.base.models.ir_module: module web: loading translation file es_PE for language es_PE 
2024-06-26 06:17:45,039 1 INFO db_odoo odoo.addons.base.models.ir_module: module auth_totp: loading base translation file es for language es_PE 
2024-06-26 06:17:45,043 1 INFO db_odoo odoo.addons.base.models.ir_module: module auth_totp: no translation for language es_PE 
2024-06-26 06:17:45,043 1 INFO db_odoo odoo.addons.base.models.ir_module: module base_import: loading base translation file es for language es_PE 
2024-06-26 06:17:45,052 1 INFO db_odoo odoo.addons.base.models.ir_module: module base_import: loading translation file es_PE for language es_PE 
2024-06-26 06:17:45,058 1 INFO db_odoo odoo.addons.base.models.ir_module: module bus: loading base translation file es for language es_PE 
2024-06-26 06:17:45,060 1 INFO db_odoo odoo.addons.base.models.ir_module: module bus: loading translation file es_PE for language es_PE 
2024-06-26 06:17:45,062 1 INFO db_odoo odoo.addons.base.models.ir_module: module web_editor: loading base translation file es for language es_PE 
2024-06-26 06:17:45,084 1 INFO db_odoo odoo.addons.base.models.ir_module: module web_editor: loading translation file es_PE for language es_PE 
2024-06-26 06:17:45,101 1 INFO db_odoo odoo.addons.base.models.ir_module: module web_kanban_gauge: loading base translation file es for language es_PE 
2024-06-26 06:17:45,102 1 INFO db_odoo odoo.addons.base.models.ir_module: module web_kanban_gauge: loading translation file es_PE for language es_PE 
2024-06-26 06:17:45,102 1 INFO db_odoo odoo.addons.base.models.ir_module: module web_tour: loading base translation file es for language es_PE 
2024-06-26 06:17:45,104 1 INFO db_odoo odoo.addons.base.models.ir_module: module web_tour: no translation for language es_PE 
2024-06-26 06:17:46,345 1 INFO db_odoo odoo.addons.base.models.res_users: Login successful for db:db_odoo login:admin from 172.20.0.1 
2024-06-26 06:17:46,359 1 INFO db_odoo werkzeug: 172.20.0.1 - - [26/Jun/2024 06:17:46] "POST /web/database/create HTTP/1.1" 303 - 17161 9.950 9.800
2024-06-26 06:17:46,732 1 INFO db_odoo odoo.addons.base.models.ir_http: Generating routing map for key None 
2024-06-26 06:17:46,799 1 INFO db_odoo werkzeug: 172.20.0.1 - - [26/Jun/2024 06:17:46] "GET /web HTTP/1.1" 303 - 6 0.002 0.066
2024-06-26 06:17:48,859 1 INFO db_odoo werkzeug: 172.20.0.1 - - [26/Jun/2024 06:17:48] "GET /web/login HTTP/1.1" 200 - 66 0.027 1.655
2024-06-26 06:17:49,294 1 INFO db_odoo werkzeug: 172.20.0.1 - - [26/Jun/2024 06:17:49] "GET /web/binary/company_logo HTTP/1.1" 200 - 2 0.002 0.008
2024-06-26 06:17:50,295 1 INFO db_odoo werkzeug: 172.20.0.1 - - [26/Jun/2024 06:17:50] "GET /websocket HTTP/1.1" 101 - 6 0.002 0.004
2024-06-26 06:17:50,495 1 INFO ? odoo.addons.bus.models.bus: Bus.loop listen imbus on db postgres 
2024-06-26 06:17:51,060 1 INFO db_odoo werkzeug: 172.20.0.1 - - [26/Jun/2024 06:17:51] "GET /web/webclient/translations/1719382676594 HTTP/1.1" 200 - 6 0.001 0.720
2024-06-26 06:17:51,662 1 INFO db_odoo werkzeug: 172.20.0.1 - - [26/Jun/2024 06:17:51] "GET /web/webclient/translations/1719382677926 HTTP/1.1" 200 - 6 0.002 0.005
2024-06-26 06:17:59,668 1 INFO db_odoo odoo.addons.base.models.ir_cron: Starting job `Base: Auto-vacuum internal data`. 
2024-06-26 06:17:59,684 1 INFO db_odoo odoo.addons.base.models.ir_attachment: filestore gc 59 checked, 0 removed 
2024-06-26 06:17:59,713 1 INFO db_odoo odoo.addons.base.models.res_users: GC'd 0 user log entries 
2024-06-26 06:17:59,728 1 INFO db_odoo odoo.addons.auth_totp.models.auth_totp: GC'd 0 totp devices entries 
2024-06-26 06:17:59,737 1 INFO db_odoo odoo.addons.base.models.ir_cron: Job `Base: Auto-vacuum internal data` done. 
2024-06-26 06:18:19,208 1 INFO db_odoo odoo.addons.base.models.res_users: Login successful for db:db_odoo login:admin from 172.20.0.1 
2024-06-26 06:18:19,213 1 INFO db_odoo werkzeug: 172.20.0.1 - - [26/Jun/2024 06:18:19] "POST /web/login HTTP/1.1" 303 - 38 0.015 0.426
2024-06-26 06:18:22,626 1 INFO db_odoo werkzeug: 172.20.0.1 - - [26/Jun/2024 06:18:22] "GET /web HTTP/1.1" 200 - 94 0.055 3.095
2024-06-26 06:18:24,759 1 INFO db_odoo werkzeug: 172.20.0.1 - - [26/Jun/2024 06:18:24] "GET /websocket HTTP/1.1" 101 - 1 0.000 0.002
2024-06-26 06:18:25,162 1 INFO db_odoo werkzeug: 172.20.0.1 - - [26/Jun/2024 06:18:25] "GET /web/image?model=res.users&field=avatar_128&id=2 HTTP/1.1" 304 - 9 0.002 0.005
2024-06-26 06:18:25,186 1 INFO db_odoo werkzeug: 172.20.0.1 - - [26/Jun/2024 06:18:25] "POST /web/action/load HTTP/1.1" 200 - 11 0.003 0.005
2024-06-26 06:18:25,421 1 INFO db_odoo werkzeug: 172.20.0.1 - - [26/Jun/2024 06:18:25] "POST /web/dataset/call_kw/ir.module.module/get_views HTTP/1.1" 200 - 42 0.014 0.017
2024-06-26 06:18:26,582 1 INFO db_odoo werkzeug: 172.20.0.1 - - [26/Jun/2024 06:18:26] "POST /web/dataset/call_kw/ir.module.module/web_search_read HTTP/1.1" 200 - 4 0.002 0.004
2024-06-26 06:18:26,636 1 INFO db_odoo werkzeug: 172.20.0.1 - - [26/Jun/2024 06:18:26] "POST /web/dataset/call_kw/ir.module.module/search_panel_select_range HTTP/1.1" 200 - 40 0.009 0.007
2024-06-26 06:28:50,619 1 INFO db_odoo werkzeug: 172.20.0.1 - - [26/Jun/2024 06:28:50] "POST /web/action/load HTTP/1.1" 200 - 25 0.010 0.014
2024-06-26 06:28:50,924 1 INFO db_odoo werkzeug: 172.20.0.1 - - [26/Jun/2024 06:28:50] "POST /web/dataset/call_kw/res.users/get_views HTTP/1.1" 200 - 45 0.014 0.027
2024-06-26 06:28:51,828 1 INFO db_odoo werkzeug: 172.20.0.1 - - [26/Jun/2024 06:28:51] "POST /web/dataset/call_kw/res.users/has_group HTTP/1.1" 200 - 2 0.001 0.006
2024-06-26 06:28:51,847 1 INFO db_odoo werkzeug: 172.20.0.1 - - [26/Jun/2024 06:28:51] "POST /web/dataset/call_kw/res.users/web_search_read HTTP/1.1" 200 - 14 0.005 0.005
2024-06-26 06:29:01,552 1 INFO db_odoo werkzeug: 172.20.0.1 - - [26/Jun/2024 06:29:01] "POST /web/dataset/call_kw/res.users/action_get HTTP/1.1" 200 - 25 0.006 0.009
2024-06-26 06:29:01,936 1 INFO db_odoo werkzeug: 172.20.0.1 - - [26/Jun/2024 06:29:01] "POST /web/dataset/call_kw/res.users/get_views HTTP/1.1" 200 - 18 0.005 0.011
2024-06-26 06:29:02,550 1 INFO db_odoo werkzeug: 172.20.0.1 - - [26/Jun/2024 06:29:02] "POST /web/dataset/call_kw/res.users/read HTTP/1.1" 200 - 19 0.006 0.011
2024-06-26 06:29:03,552 1 INFO db_odoo werkzeug: 172.20.0.1 - - [26/Jun/2024 06:29:03] "GET /web/bundle/web_editor.assets_wysiwyg?lang=es_PE HTTP/1.1" 200 - 19 0.017 0.576
2024-06-26 06:29:03,748 1 INFO db_odoo werkzeug: 172.20.0.1 - - [26/Jun/2024 06:29:03] "GET /web/assets/199-1a28212/web_editor.assets_wysiwyg.min.js HTTP/1.1" 200 - 4 0.002 0.004
2024-06-26 06:29:03,749 1 INFO db_odoo werkzeug: 172.20.0.1 - - [26/Jun/2024 06:29:03] "GET /web/assets/198-1a28212/web_editor.assets_wysiwyg.min.css HTTP/1.1" 200 - 4 0.002 0.003
2024-06-26 06:29:04,865 1 INFO db_odoo werkzeug: 172.20.0.1 - - [26/Jun/2024 06:29:04] "POST /web/dataset/call_kw/ HTTP/1.1" 200 - 12 0.004 0.009
2024-06-26 06:29:05,310 1 INFO db_odoo werkzeug: 172.20.0.1 - - [26/Jun/2024 06:29:05] "GET /web/image?model=res.users&id=2&field=avatar_128&unique=1719382665000 HTTP/1.1" 200 - 9 0.002 0.005
2024-06-26 06:29:16,587 1 INFO db_odoo werkzeug: 172.20.0.1 - - [26/Jun/2024 06:29:16] "POST /web/dataset/call_kw/res.users/read HTTP/1.1" 200 - 30 0.007 0.011
2024-06-26 06:29:16,802 1 INFO db_odoo werkzeug: 172.20.0.1 - - [26/Jun/2024 06:29:16] "POST /web/dataset/call_kw/res.company/read HTTP/1.1" 200 - 2 0.001 0.002
2024-06-26 06:29:25,769 1 INFO db_odoo werkzeug: 172.20.0.1 - - [26/Jun/2024 06:29:25] "POST /web/dataset/call_kw/ir.module.module/web_search_read HTTP/1.1" 200 - 3 0.001 0.004
2024-06-26 06:29:25,803 1 INFO db_odoo werkzeug: 172.20.0.1 - - [26/Jun/2024 06:29:25] "POST /web/dataset/call_kw/ir.module.module/search_panel_select_range HTTP/1.1" 200 - 37 0.008 0.007
2024-06-26 06:29:57,675 1 INFO db_odoo werkzeug: 172.20.0.1 - - [26/Jun/2024 06:29:57] "POST /web/dataset/call_kw/ir.module.module/search_panel_select_range HTTP/1.1" 200 - 37 0.008 0.007
2024-06-26 06:29:57,703 1 INFO db_odoo werkzeug: 172.20.0.1 - - [26/Jun/2024 06:29:57] "POST /web/dataset/call_kw/ir.module.module/web_search_read HTTP/1.1" 200 - 4 0.002 0.004
2024-06-26 06:29:58,317 1 INFO ? werkzeug: 172.20.0.1 - - [26/Jun/2024 06:29:58] "GET /base/static/description/icon.png HTTP/1.1" 200 - 0 0.000 0.001
2024-06-26 06:29:58,321 1 INFO ? werkzeug: 172.20.0.1 - - [26/Jun/2024 06:29:58] "GET /l10n_ar_website_sale/static/description/icon.png HTTP/1.1" 200 - 0 0.000 0.004
